[    0.000000] Initializing cgroup subsys cpuset
[    0.000000] Initializing cgroup subsys cpu
[    0.000000] Initializing cgroup subsys cpuacct
[    0.000000] Linux version 4.4.0-59-generic (buildd@lgw01-11) (gcc version 5.4.0 20160609 (Ubuntu 5.4.0-6ubuntu1~16.04.4) ) #80-Ubuntu SMP Fri Jan 6 17:47:47 UTC 2017 (Ubuntu 4.4.0-59.80-generic 4.4.35)
[    0.000000] Command line: BOOT_IMAGE=/boot/vmlinuz-4.4.0-59-generic root=LABEL=cloudimg-rootfs ro console=tty1 console=ttyS0
[    0.000000] KERNEL supported cpus:
[    0.000000]   Intel GenuineIntel
[    0.000000]   AMD AuthenticAMD
[    0.000000]   Centaur CentaurHauls
[    0.000000] x86/fpu: xstate_offset[2]:  576, xstate_sizes[2]:  256
[    0.000000] x86/fpu: Supporting XSAVE feature 0x01: 'x87 floating point registers'
[    0.000000] x86/fpu: Supporting XSAVE feature 0x02: 'SSE registers'
[    0.000000] x86/fpu: Supporting XSAVE feature 0x04: 'AVX registers'
[    0.000000] x86/fpu: Enabled xstate features 0x7, context size is 832 bytes, using 'standard' format.
[    0.000000] x86/fpu: Using 'lazy' FPU context switches.
[    0.000000] e820: BIOS-provided physical RAM map:
[    0.000000] BIOS-e820: [mem 0x0000000000000000-0x000000000009fbff] usable
[    0.000000] BIOS-e820: [mem 0x000000000009fc00-0x000000000009ffff] reserved
[    0.000000] BIOS-e820: [mem 0x00000000000f0000-0x00000000000fffff] reserved
[    0.000000] BIOS-e820: [mem 0x0000000000100000-0x000000003ffeffff] usable
[    0.000000] BIOS-e820: [mem 0x000000003fff0000-0x000000003fffffff] ACPI data
[    0.000000] BIOS-e820: [mem 0x00000000fec00000-0x00000000fec00fff] reserved
[    0.000000] BIOS-e820: [mem 0x00000000fee00000-0x00000000fee00fff] reserved
[    0.000000] BIOS-e820: [mem 0x00000000fffc0000-0x00000000ffffffff] reserved
[    0.000000] NX (Execute Disable) protection: active
[    0.000000] SMBIOS 2.5 present.
[    0.000000] Hypervisor detected: KVM
[    0.000000] e820: last_pfn = 0x3fff0 max_arch_pfn = 0x400000000
[    0.000000] MTRR: Disabled
[    0.000000] x86/PAT: MTRRs disabled, skipping PAT initialization too.
[    0.000000] x86/PAT: Configuration [0-7]: WB  WT  UC- UC  WB  WT  UC- UC  
[    0.000000] CPU MTRRs all blank - virtualized system.
[    0.000000] found SMP MP-table at [mem 0x0009fff0-0x0009ffff] mapped at [ffff88000009fff0]
[    0.000000] Scanning 1 areas for low memory corruption
[    0.000000] RAMDISK: [mem 0x36b78000-0x375b3fff]
[    0.000000] ACPI: Early table checksum verification disabled
[    0.000000] ACPI: RSDP 0x00000000000E0000 000024 (v02 VBOX  )
[    0.000000] ACPI: XSDT 0x000000003FFF0030 00003C (v01 VBOX   VBOXXSDT 00000001 ASL  00000061)
[    0.000000] ACPI: FACP 0x000000003FFF00F0 0000F4 (v04 VBOX   VBOXFACP 00000001 ASL  00000061)
[    0.000000] ACPI: DSDT 0x000000003FFF0470 00210F (v01 VBOX   VBOXBIOS 00000002 INTL 20100528)
[    0.000000] ACPI: FACS 0x000000003FFF0200 000040
[    0.000000] ACPI: FACS 0x000000003FFF0200 000040
[    0.000000] ACPI: APIC 0x000000003FFF0240 00005C (v02 VBOX   VBOXAPIC 00000001 ASL  00000061)
[    0.000000] ACPI: SSDT 0x000000003FFF02A0 0001CC (v01 VBOX   VBOXCPUT 00000002 INTL 20100528)
[    0.000000] No NUMA configuration found
[    0.000000] Faking a node at [mem 0x0000000000000000-0x000000003ffeffff]
[    0.000000] NODE_DATA(0) allocated [mem 0x3ffeb000-0x3ffeffff]
[    0.000000] kvm-clock: Using msrs 4b564d01 and 4b564d00
[    0.000000] kvm-clock: cpu 0, msr 0:3ffe3001, primary cpu clock
[    0.000000] kvm-clock: using sched offset of 2952603760 cycles
[    0.000000] clocksource: kvm-clock: mask: 0xffffffffffffffff max_cycles: 0x1cd42e4dffb, max_idle_ns: 881590591483 ns
[    0.000000] Zone ranges:
[    0.000000]   DMA      [mem 0x0000000000001000-0x0000000000ffffff]
[    0.000000]   DMA32    [mem 0x0000000001000000-0x000000003ffeffff]
[    0.000000]   Normal   empty
[    0.000000]   Device   empty
[    0.000000] Movable zone start for each node
[    0.000000] Early memory node ranges
[    0.000000]   node   0: [mem 0x0000000000001000-0x000000000009efff]
[    0.000000]   node   0: [mem 0x0000000000100000-0x000000003ffeffff]
[    0.000000] Initmem setup node 0 [mem 0x0000000000001000-0x000000003ffeffff]
[    0.000000] ACPI: PM-Timer IO Port: 0x4008
[    0.000000] IOAPIC[0]: apic_id 2, version 32, address 0xfec00000, GSI 0-23
[    0.000000] ACPI: INT_SRC_OVR (bus 0 bus_irq 0 global_irq 2 dfl dfl)
[    0.000000] ACPI: INT_SRC_OVR (bus 0 bus_irq 9 global_irq 9 high level)
[    0.000000] Using ACPI (MADT) for SMP configuration information
[    0.000000] smpboot: Allowing 2 CPUs, 0 hotplug CPUs
[    0.000000] PM: Registered nosave memory: [mem 0x00000000-0x00000fff]
[    0.000000] PM: Registered nosave memory: [mem 0x0009f000-0x0009ffff]
[    0.000000] PM: Registered nosave memory: [mem 0x000a0000-0x000effff]
[    0.000000] PM: Registered nosave memory: [mem 0x000f0000-0x000fffff]
[    0.000000] e820: [mem 0x40000000-0xfebfffff] available for PCI devices
[    0.000000] Booting paravirtualized kernel on KVM
[    0.000000] clocksource: refined-jiffies: mask: 0xffffffff max_cycles: 0xffffffff, max_idle_ns: 7645519600211568 ns
[    0.000000] setup_percpu: NR_CPUS:512 nr_cpumask_bits:512 nr_cpu_ids:2 nr_node_ids:1
[    0.000000] PERCPU: Embedded 33 pages/cpu @ffff88003fc00000 s98264 r8192 d28712 u1048576
[    0.000000] PV qspinlock hash table entries: 256 (order: 0, 4096 bytes)
[    0.000000] Built 1 zonelists in Node order, mobility grouping on.  Total pages: 257913
[    0.000000] Policy zone: DMA32
[    0.000000] Kernel command line: BOOT_IMAGE=/boot/vmlinuz-4.4.0-59-generic root=LABEL=cloudimg-rootfs ro console=tty1 console=ttyS0
[    0.000000] PID hash table entries: 4096 (order: 3, 32768 bytes)
[    0.000000] Memory: 1002100K/1048120K available (8436K kernel code, 1291K rwdata, 3960K rodata, 1488K init, 1316K bss, 46020K reserved, 0K cma-reserved)
[    0.000000] SLUB: HWalign=64, Order=0-3, MinObjects=0, CPUs=2, Nodes=1
[    0.000000] Hierarchical RCU implementation.
[    0.000000] 	Build-time adjustment of leaf fanout to 64.
[    0.000000] 	RCU restricting CPUs from NR_CPUS=512 to nr_cpu_ids=2.
[    0.000000] RCU: Adjusting geometry for rcu_fanout_leaf=64, nr_cpu_ids=2
[    0.000000] NR_IRQS:33024 nr_irqs:440 16
[    0.000000] Console: colour VGA+ 80x25
[    0.000000] console [tty1] enabled
[    0.000000] console [ttyS0] enabled
[    0.000000] tsc: Detected 2194.918 MHz processor
[    7.367853] Calibrating delay loop (skipped) preset value.. 4389.83 BogoMIPS (lpj=8779672)
[    7.401164] pid_max: default: 32768 minimum: 301
[    7.408557] ACPI: Core revision 20150930
[    7.463382] ACPI: 2 ACPI AML tables successfully acquired and loaded
[    7.626936] Security Framework initialized
[    7.672018] Yama: becoming mindful.
[    7.743312] AppArmor: AppArmor initialized
[    7.849659] Dentry cache hash table entries: 131072 (order: 8, 1048576 bytes)
[    8.029736] Inode-cache hash table entries: 65536 (order: 7, 524288 bytes)
[    8.116992] Mount-cache hash table entries: 2048 (order: 2, 16384 bytes)
[    8.256822] Mountpoint-cache hash table entries: 2048 (order: 2, 16384 bytes)
[    8.346454] Initializing cgroup subsys io
[    8.347179] Initializing cgroup subsys memory
[    8.347957] Initializing cgroup subsys devices
[    8.348720] Initializing cgroup subsys freezer
[    8.349528] Initializing cgroup subsys net_cls
[    8.350329] Initializing cgroup subsys perf_event
[    8.351146] Initializing cgroup subsys net_prio
[    8.353086] Initializing cgroup subsys hugetlb
[    8.359476] Initializing cgroup subsys pids
[    8.436033] CPU: Physical Processor ID: 0
[    8.544396] CPU: Processor Core ID: 0
[    8.629472] mce: CPU supports 0 MCE banks
[    8.700604] Last level iTLB entries: 4KB 1024, 2MB 1024, 4MB 1024
[    8.852574] Last level dTLB entries: 4KB 1024, 2MB 1024, 4MB 1024, 1GB 4
[    9.037025] Freeing SMP alternatives memory: 32K (ffffffff820b8000 - ffffffff820c0000)
[    9.196506] ftrace: allocating 32064 entries in 126 pages
[    9.264910] smpboot: APIC(0) Converting physical 0 to logical package 0
[    9.421548] smpboot: Max logical packages: 1
[    9.534466] x2apic enabled
[    9.610864] Switched APIC routing to physical x2apic.
[    9.722862] ..TIMER: vector=0x30 apic1=0 pin1=2 apic2=-1 pin2=-1
[   10.000587] smpboot: CPU0: Intel(R) Core(TM) i7-4770HQ CPU @ 2.20GHz (family: 0x6, model: 0x46, stepping: 0x1)
[   10.254435] Performance Events: unsupported p6 CPU model 70 no PMU driver, software events only.
[   10.315218] KVM setup paravirtual spinlock
[   10.409238] x86: Booting SMP configuration:
[   10.528216] .... node  #0, CPUs:      #1
[   10.615031] kvm-clock: cpu 1, msr 0:3ffe3041, secondary cpu clock
[   10.839087] mce: CPU supports 0 MCE banks
[   10.963031] x86: Booted up 1 node, 2 CPUs
[   11.067505] smpboot: Total of 2 processors activated (8779.67 BogoMIPS)
[   11.255868] devtmpfs: initialized
[   11.349263] evm: security.selinux
[   11.372458] evm: security.SMACK64
[   11.394139] evm: security.SMACK64EXEC
[   11.409169] evm: security.SMACK64TRANSMUTE
[   11.415503] evm: security.SMACK64MMAP
[   11.416189] evm: security.ima
[   11.416798] evm: security.capability
[   11.417724] clocksource: jiffies: mask: 0xffffffff max_cycles: 0xffffffff, max_idle_ns: 7645041785100000 ns
[   11.419518] pinctrl core: initialized pinctrl subsystem
[   11.420491] RTC time: 17:56:42, date: 05/08/17
[   11.422653] NET: Registered protocol family 16
[   11.435200] cpuidle: using governor ladder
[   11.550397] cpuidle: using governor menu
[   11.636302] PCCT header not found.
[   11.729659] ACPI: bus type PCI registered
[   11.825568] acpiphp: ACPI Hot Plug PCI Controller Driver version: 0.5
[   11.997664] PCI: Using configuration type 1 for base access
[   12.148327] ACPI: Added _OSI(Module Device)
[   12.249368] ACPI: Added _OSI(Processor Device)
[   12.372268] ACPI: Added _OSI(3.0 _SCP Extensions)
[   12.467415] ACPI: Added _OSI(Processor Aggregator Device)
[   12.499824] ACPI: Executed 1 blocks of module-level executable AML code
[   12.589523] ACPI: Interpreter enabled
[   12.662734] ACPI: (supports S0 S5)
[   12.679457] ACPI: Using IOAPIC for interrupt routing
[   12.738311] PCI: Using host bridge windows from ACPI; if necessary, use "pci=nocrs" and report a bug
[   12.785765] ACPI: PCI Root Bridge [PCI0] (domain 0000 [bus 00-ff])
[   12.920832] acpi PNP0A03:00: _OSC: OS supports [ASPM ClockPM Segments MSI]
[   13.071143] acpi PNP0A03:00: _OSC failed (AE_NOT_FOUND); disabling ASPM
[   13.235724] acpi PNP0A03:00: fail to add MMCONFIG information, can't access extended PCI configuration space under this bridge.
[   13.525696] PCI host bridge to bus 0000:00
[   13.576077] pci_bus 0000:00: root bus resource [io  0x0000-0x0cf7 window]
[   13.624436] pci_bus 0000:00: root bus resource [io  0x0d00-0xffff window]
[   13.807093] pci_bus 0000:00: root bus resource [mem 0x000a0000-0x000bffff window]
[   14.011364] pci_bus 0000:00: root bus resource [mem 0x40000000-0xffdfffff window]
[   14.203394] pci_bus 0000:00: root bus resource [bus 00-ff]
[   14.353620] pci 0000:00:01.1: legacy IDE quirk: reg 0x10: [io  0x01f0-0x01f7]
[   14.516742] pci 0000:00:01.1: legacy IDE quirk: reg 0x14: [io  0x03f6]
[   14.663571] pci 0000:00:01.1: legacy IDE quirk: reg 0x18: [io  0x0170-0x0177]
[   14.699068] pci 0000:00:01.1: legacy IDE quirk: reg 0x1c: [io  0x0376]
[   14.728188] pci 0000:00:07.0: quirk: [io  0x4000-0x403f] claimed by PIIX4 ACPI
[   14.887160] pci 0000:00:07.0: quirk: [io  0x4100-0x410f] claimed by PIIX4 SMB
[   15.094254] ACPI: PCI Interrupt Link [LNKA] (IRQs 5 9 10 *11)
[   15.244776] ACPI: PCI Interrupt Link [LNKB] (IRQs 5 9 10 *11)
[   15.370333] ACPI: PCI Interrupt Link [LNKC] (IRQs 5 9 *10 11)
[   15.512161] ACPI: PCI Interrupt Link [LNKD] (IRQs 5 *9 10 11)
[   15.623829] ACPI: Enabled 2 GPEs in block 00 to 07
[   15.629911] vgaarb: setting as boot device: PCI:0000:00:02.0
[   15.633248] vgaarb: device added: PCI:0000:00:02.0,decodes=io+mem,owns=io+mem,locks=none
[   15.762812] vgaarb: loaded
[   15.789457] vgaarb: bridge control possible 0000:00:02.0
[   15.791721] SCSI subsystem initialized
[   15.792543] ACPI: bus type USB registered
[   15.851179] usbcore: registered new interface driver usbfs
[   16.005196] usbcore: registered new interface driver hub
[   16.135183] usbcore: registered new device driver usb
[   16.271164] PCI: Using ACPI for IRQ routing
[   16.364599] NetLabel: Initializing
[   16.445517] NetLabel:  domain hash size = 128
[   16.534283] NetLabel:  protocols = UNLABELED CIPSOv4
[   16.633152] NetLabel:  unlabeled traffic allowed by default
[   16.776641] amd_nb: Cannot enumerate AMD northbridges
[   16.829100] clocksource: Switched to clocksource kvm-clock
[   16.885463] AppArmor: AppArmor Filesystem Enabled
[   16.994457] pnp: PnP ACPI init
[   17.084772] pnp: PnP ACPI: found 3 devices
[   17.216453] clocksource: acpi_pm: mask: 0xffffff max_cycles: 0xffffff, max_idle_ns: 2085701024 ns
[   17.459476] NET: Registered protocol family 2
[   17.565483] TCP established hash table entries: 8192 (order: 4, 65536 bytes)
[   17.742757] TCP bind hash table entries: 8192 (order: 5, 131072 bytes)
[   17.929773] TCP: Hash tables configured (established 8192 bind 8192)
[   18.004777] UDP hash table entries: 512 (order: 2, 16384 bytes)
[   18.157020] UDP-Lite hash table entries: 512 (order: 2, 16384 bytes)
[   18.328173] NET: Registered protocol family 1
[   18.431447] pci 0000:00:00.0: Limiting direct PCI/PCI transfers
[   18.564852] pci 0000:00:01.0: Activating ISA DMA hang workarounds
[   18.745740] Trying to unpack rootfs image as initramfs...
[   20.503264] Freeing initrd memory: 10480K (ffff880036b78000 - ffff8800375b4000)
[   20.681873] platform rtc_cmos: registered platform RTC device (no PNP device found)
[   20.694135] Scanning for low memory corruption every 60 seconds
[   20.695676] futex hash table entries: 512 (order: 3, 32768 bytes)
[   20.811284] audit: initializing netlink subsys (disabled)
[   20.908545] audit: type=2000 audit(1494266199.955:1): initialized
[   21.049892] Initialise system trusted keyring
[   21.157442] HugeTLB registered 2 MB page size, pre-allocated 0 pages
[   21.262325] zbud: loaded
[   21.280786] VFS: Disk quotas dquot_6.6.0
[   21.281562] VFS: Dquot-cache hash table entries: 512 (order 0, 4096 bytes)
[   21.282866] squashfs: version 4.0 (2009/01/31) Phillip Lougher
[   21.285312] fuse init (API version 7.23)
[   21.394814] Key type big_key registered
[   21.460118] Allocating IMA MOK and blacklist keyrings.
[   21.573025] Key type asymmetric registered
[   21.660543] Asymmetric key parser 'x509' registered
[   21.762852] tsc: Refined TSC clocksource calibration: 2194.627 MHz
[   21.889738] clocksource: tsc: mask: 0xffffffffffffffff max_cycles: 0x1fa25f1d1d8, max_idle_ns: 440795269831 ns
[   21.901249] Block layer SCSI generic (bsg) driver version 0.4 loaded (major 249)
[   21.901287] io scheduler noop registered
[   21.901290] io scheduler deadline registered (default)
[   21.901320] io scheduler cfq registered
[   21.901408] pci_hotplug: PCI Hot Plug PCI Core version: 0.5
[   21.901412] pciehp: PCI Express Hot Plug Controller Driver version: 0.4
[   21.901752] ACPI: AC Adapter [AC] (on-line)
[   21.901804] input: Power Button as /devices/LNXSYSTM:00/LNXPWRBN:00/input/input0
[   21.901807] ACPI: Power Button [PWRF]
[   21.901865] input: Sleep Button as /devices/LNXSYSTM:00/LNXSLPBN:00/input/input1
[   21.901867] ACPI: Sleep Button [SLPF]
[   21.901988] GHES: HEST is not enabled!
[   21.902933] ACPI: Battery Slot [BAT0] (battery present)
[   21.903000] Serial: 8250/16550 driver, 32 ports, IRQ sharing enabled
[   22.207453] 00:02: ttyS0 at I/O 0x3f8 (irq = 4, base_baud = 115200) is a 16550A
[   22.371330] Linux agpgart interface v0.103
[   22.506393] brd: module loaded
[   22.507470] loop: module loaded
[   22.508040] scsi host0: ata_piix
[   22.508093] scsi host1: ata_piix
[   22.508121] ata1: PATA max UDMA/33 cmd 0x1f0 ctl 0x3f6 bmdma 0xd000 irq 14
[   22.508122] ata2: PATA max UDMA/33 cmd 0x170 ctl 0x376 bmdma 0xd008 irq 15
[   22.508199] libphy: Fixed MDIO Bus: probed
[   22.508202] tun: Universal TUN/TAP device driver, 1.6
[   22.508202] tun: (C) 1999-2004 Max Krasnyansky <maxk@qualcomm.com>
[   22.508482] PPP generic driver version 2.4.2
[   22.508537] ehci_hcd: USB 2.0 'Enhanced' Host Controller (EHCI) Driver
[   22.508541] ehci-pci: EHCI PCI platform driver
[   22.508557] ehci-platform: EHCI generic platform driver
[   22.508565] ohci_hcd: USB 1.1 'Open' Host Controller (OHCI) Driver
[   22.508569] ohci-pci: OHCI PCI platform driver
[   22.508577] ohci-platform: OHCI generic platform driver
[   22.508584] uhci_hcd: USB Universal Host Controller Interface driver
[   22.508643] i8042: PNP: PS/2 Controller [PNP0303:PS2K,PNP0f03:PS2M] at 0x60,0x64 irq 1,12
[   22.601680] serio: i8042 KBD port at 0x60,0x64 irq 1
[   22.601686] serio: i8042 AUX port at 0x60,0x64 irq 12
[   22.601817] mousedev: PS/2 mouse device common for all mice
[   22.602080] rtc_cmos rtc_cmos: rtc core: registered rtc_cmos as rtc0
[   22.602128] rtc_cmos rtc_cmos: alarms up to one day, 114 bytes nvram
[   22.602133] i2c /dev entries driver
[   22.602185] device-mapper: uevent: version 1.0.3
[   22.602231] device-mapper: ioctl: 4.34.0-ioctl (2015-10-28) initialised: dm-devel@redhat.com
[   22.602246] ledtrig-cpu: registered to indicate activity on CPUs
[   22.602476] NET: Registered protocol family 10
[   22.602599] NET: Registered protocol family 17
[   22.602607] Key type dns_resolver registered
[   22.654828] microcode: CPU0 sig=0x40661, pf=0x40, revision=0x0
[   22.654890] microcode: CPU1 sig=0x40661, pf=0x40, revision=0x0
[   22.654952] microcode: Microcode Update Driver: v2.01 <tigran@aivazian.fsnet.co.uk>, Peter Oruba
[   22.655075] registered taskstats version 1
[   22.655091] Loading compiled-in X.509 certificates
[   22.655674] Loaded X.509 cert 'Build time autogenerated kernel key: 6ffa6bfaa152a74cd2b6aa1e188cb999d8f5632b'
[   22.655691] zswap: loaded using pool lzo/zbud
[   22.656936] Key type trusted registered
[   22.658962] Key type encrypted registered
[   22.658968] AppArmor: AppArmor sha1 policy hashing enabled
[   22.658971] ima: No TPM chip found, activating TPM-bypass!
[   22.658990] evm: HMAC attrs: 0x1
[   22.659277]   Magic number: 1:289:946
[   22.659306] tty tty3: hash matches
[   22.659318] processor cpu1: hash matches
[   22.677903] rtc_cmos rtc_cmos: setting system clock to 2017-05-08 17:56:53 UTC (1494266213)
[   22.678194] BIOS EDD facility v0.16 2004-Jun-25, 0 devices found
[   22.678194] EDD information not available.
[   23.167869] input: AT Translated Set 2 keyboard as /devices/platform/i8042/serio0/input/input2
[   26.110639] Freeing unused kernel memory: 1488K (ffffffff81f44000 - ffffffff820b8000)
[   26.314599] Write protecting the kernel read-only data: 14336k
[   26.424752] Freeing unused kernel memory: 1792K (ffff880001840000 - ffff880001a00000)
[   26.715473] Freeing unused kernel memory: 136K (ffff880001dde000 - ffff880001e00000)
Loading, please wait...
starting version[   26.757319] random: systemd-udevd: uninitialized urandom read (16 bytes read, 4 bits of entropy available)
 229
[   26.758101] random: udevadm: uninitialized urandom read (16 bytes read, 4 bits of entropy available)
[   26.758144] random: udevadm: uninitialized urandom read (16 bytes read, 4 bits of entropy available)
[   26.758241] random: udevadm: uninitialized urandom read (16 bytes read, 4 bits of entropy available)
[   26.758275] random: udevadm: uninitialized urandom read (16 bytes read, 4 bits of entropy available)
[   26.758308] random: udevadm: uninitialized urandom read (16 bytes read, 4 bits of entropy available)
[   26.758345] random: udevadm: uninitialized urandom read (16 bytes read, 4 bits of entropy available)
[   26.758378] random: udevadm: uninitialized urandom read (16 bytes read, 4 bits of entropy available)
[   26.758408] random: udevadm: uninitialized urandom read (16 bytes read, 4 bits of entropy available)
[   26.758439] random: udevadm: uninitialized urandom read (16 bytes read, 4 bits of entropy available)
[   28.162596] e1000: Intel(R) PRO/1000 Network Driver - version 7.3.21-k8-NAPI
[   28.393955] e1000: Copyright (c) 1999-2006 Intel Corporation.
[   28.586304] Fusion MPT base driver 3.04.20
[   28.709917] Copyright (c) 1999-2008 LSI Corporation
[   28.842050] Fusion MPT SPI Host driver 3.04.20
[   28.921581] AVX version of gcm_enc/dec engaged.
[   28.923378] AES CTR mode by8 optimization enabled
[   29.120293] input: ImExPS/2 Generic Explorer Mouse as /devices/platform/i8042/serio1/input/input4
[   29.260437] e1000 0000:00:03.0 eth0: (PCI:33MHz:32-bit) 02:51:40:82:8e:e9
[   29.260441] e1000 0000:00:03.0 eth0: Intel(R) PRO/1000 Network Connection
[   29.369437] mptbase: ioc0: Initiating bringup
[   29.433615] ioc0: LSI53C1030 A0: Capabilities={Initiator}
[   29.719368] scsi host2: ioc0: LSI53C1030 A0, FwRev=00000000h, Ports=1, MaxQ=256, IRQ=20
[   30.138192] scsi 2:0:0:0: Direct-Access     VBOX     HARDDISK         1.0  PQ: 0 ANSI: 5
[   30.371567] scsi target2:0:0: Beginning Domain Validation
[   30.502833] scsi target2:0:0: Domain Validation skipping write tests
[   30.604661] scsi target2:0:0: Ending Domain Validation
[   30.638972] scsi target2:0:0: asynchronous
[   30.702253] e1000 0000:00:08.0 eth1: (PCI:33MHz:32-bit) 08:00:27:ba:11:14
[   30.702258] e1000 0000:00:08.0 eth1: Intel(R) PRO/1000 Network Connection
[   31.033531] e1000 0000:00:03.0 enp0s3: renamed from eth0
[   31.066393] scsi 2:0:1:0: Direct-Access     VBOX     HARDDISK         1.0  PQ: 0 ANSI: 5
[   31.132629] scsi target2:0:1: Beginning Domain Validation
[   31.159109] scsi target2:0:1: Domain Validation skipping write tests
[   31.182196] scsi target2:0:1: Ending Domain Validation
[   31.183211] scsi target2:0:1: asynchronous
[   31.297256] e1000 0000:00:08.0 enp0s8: renamed from eth1
[   31.304377] sd 2:0:0:0: Attached scsi generic sg0 type 0
[   31.304639] sd 2:0:0:0: [sda] 20971520 512-byte logical blocks: (10.7 GB/10.0 GiB)
[   31.304805] sd 2:0:0:0: [sda] Write Protect is off
[   31.304902] sd 2:0:0:0: [sda] Incomplete mode parameter data
[   31.304903] sd 2:0:0:0: [sda] Assuming drive cache: write through
[   31.474291]  sda: sda1
[   31.475124] sd 2:0:0:0: [sda] Attached SCSI disk
[   31.931476] floppy0: no floppy controllers found
[   31.931544] work still pending
[   32.144437] sd 2:0:1:0: Attached scsi generic sg1 type 0
[   32.144597] sd 2:0:1:0: [sdb] 20480 512-byte logical blocks: (10.5 MB/10.0 MiB)
[   32.144754] sd 2:0:1:0: [sdb] Write Protect is off
[   32.144905] sd 2:0:1:0: [sdb] Incomplete mode parameter data
[   32.144906] sd 2:0:1:0: [sdb] Assuming drive cache: write through
[   32.146835] sd 2:0:1:0: [sdb] Attached SCSI disk
Begin: Loading e[   34.059223] md: linear personality registered for level -1
ssential drivers ... [   34.187843] md: multipath personality registered for level -4
[   34.266736] md: raid0 personality registered for level 0
[   34.355694] md: raid1 personality registered for level 1
[   34.501296] raid6: sse2x1   gen()  9167 MB/s
[   34.685803] raid6: sse2x1   xor()  7667 MB/s
[   34.841715] raid6: sse2x2   gen() 12331 MB/s
[   35.029563] raid6: sse2x2   xor()  7900 MB/s
[   35.201500] raid6: sse2x4   gen() 14615 MB/s
[   35.401417] raid6: sse2x4   xor()  9156 MB/s
[   35.525759] raid6: using algorithm sse2x4 gen() 14615 MB/s
[   35.549316] raid6: .... xor() 9156 MB/s, rmw enabled
[   35.568483] raid6: using ssse3x2 recovery algorithm
[   35.715645] xor: automatically using best checksumming function:
[   35.817497]    avx       : 19042.000 MB/sec
[   35.897763] async_tx: api initialized (async)
[   36.068534] md: raid6 personality registered for level 6
[   36.211374] md: raid5 personality registered for level 5
[   36.233743] md: raid4 personality registered for level 4
[   36.339245] md: raid10 personality registered for level 10
done.
Begin: Running /scripts/init-premount ... done.
Begin: Mounti[   36.463220] Btrfs loaded
ng root file system ... Begin: Running /scripts/local-top ... do[   36.533870] EXT4-fs (sda1): mounted filesystem with ordered data mode. Opts: (null)
ne.
Begin: Running /scripts/local-premount ... Scanning for Btrfs filesystems
done.
Warning: fsck not present, so skipping root file system
done.
Begin: Running /scripts/local-bottom ... done.
Begin: Running /scripts/init-bottom ... done.
[   36.721834] systemd[1]: systemd 229 running in system mode. (+PAM +AUDIT +SELINUX +IMA +APPARMOR +SMACK +SYSVINIT +UTMP +LIBCRYPTSETUP +GCRYPT +GNUTLS +ACL +XZ -LZ4 +SECCOMP +BLKID +ELFUTILS +KMOD -IDN)
[   37.141592] systemd[1]: Detected virtualization oracle.
[   37.278334] systemd[1]: Detected architecture x86-64.

Welcome to [1mUbuntu 16.04.1 LTS[0m!

[   37.429942] systemd[1]: Set hostname to <ubuntu>.
[   37.587424] systemd[1]: Initializing machine ID from random generator.
[   37.721140] systemd[1]: Installed transient /etc/machine-id file.
[   37.827721] systemd[1]: Listening on /dev/initctl Compatibility Named Pipe.
[[0;32m  OK  [0m] Listening on /dev/initctl Compatibility Named Pipe.
[   38.169657] systemd[1]: Reached target User and Group Name Lookups.
[[0;32m  OK  [0m] Reached target User and Group Name Lookups.
[   38.395206] systemd[1]: Listening on LVM2 metadata daemon socket.
[[0;32m  OK  [0m] Listening on LVM2 metadata daemon socket.
[   38.633905] systemd[1]: Created slice System Slice.
[[0;32m  OK  [0m] Created slice System Slice.
[   38.860513] systemd[1]: Listening on Device-mapper event daemon FIFOs.
[[0;32m  OK  [0m] Listening on Device-mapper event daemon FIFOs.
[   38.921635] systemd[1]: Reached target Encrypted Volumes.
[[0;32m  OK  [0m] Reached target Encrypted Volumes.
[   39.169739] systemd[1]: Started Forward Password Requests to Wall Directory Watch.
[[0;32m  OK  [0m] Started Forward Password Requests to Wall Directory Watch.
[   39.490055] systemd[1]: Listening on udev Control Socket.
[[0;32m  OK  [0m] Listening on udev Control Socket.
[   39.809925] systemd[1]: Listening on Journal Audit Socket.
[[0;32m  OK  [0m] Listening on Journal Audit Socket.
[   39.965587] systemd[1]: Created slice User and Session Slice.
[[0;32m  OK  [0m] Created slice User and Session Slice.
[   39.984515] systemd[1]: Created slice system-serial\x2dgetty.slice.
[[0;32m  OK  [0m] Created slice system-serial\x2dgetty.slice.
[   40.046827] systemd[1]: Reached target Swap.
[[0;32m  OK  [0m] Reached target Swap.
[   40.225775] systemd[1]: Reached target Slices.
[[0;32m  OK  [0m] Reached target Slices.
[   40.409705] systemd[1]: Listening on Journal Socket (/dev/log).
[[0;32m  OK  [0m] Listening on Journal Socket (/dev/log).
[   40.633711] systemd[1]: Listening on Jouraal Socket.
[[0;32m  OK  [0m] Listening on Journal Socket.
[   40.893930] systemd[1]: Starting Remount Root and Kernel File Systems...
[   40.897956] EXT4-fs (sda1): re-mounted. Opts: (null)
         Starting Remount Root and Kernel File Systems...
[   41.097930] systemd[1]: Starting Uncomplicated firewall...
         Starting Uncomplicated firewall...
[   41.421498] systemd[1]: Mounting Huge Pages File System...
         Mounting Huge Pages File System...
[   41.625778] systemd[1]: Starting Nameserver information manager...
         Starting Nameserver information manager...
[   41.861423] systemd[1]: Mounting POSIX Message Queue File System...
         Mounting POSIX Message Queue File System...
[   42.161372] systemd[1]: Starting Set console keymap...
[   42.161587] random: nonblocking pool is initialized
         Starting Set console keymap...
[   42.237405] systemd[1]: Mounting Debug File System...
         Mounting Debug File System...
[   42.393977  systemd[1]: Listening on LVM2 poll daeoon socket.
[[0;32m  OK  [0m] Listening on LVM2 poll daemon socket.
[   42.722130] systemd[1]: Listening on udev Kernel Socket.
[[0;32m  OK  [0m] Listening on udev Kernel Socket.
[   42.949742] systemd[1]: Starting Load Kernel Modules...
         Startin[   43.039986] Loading iSCSI transport class v2.0-870.
g Load Kernel Modules...
[   43.086089] systemd[1]: Listening on Syslog Socket.
[[0;32m  OK  [[   43.099440] iscsi: registered transport (tcp)
0m] Listening on Syslog Socket.
[   43.180036] iscsi: registered transport (iser)
[   43.181406] systemd[1]: Starting Journal Service...
         Starting Journal Service...
[   43.306125] systemd[1]: Starting Create list of required static device nodes for the current kernel...
         Starting Create list of required st... nodes for the current kernel...
[   43.677650] systemd[1]: Set up automount Arbitrary Executable File Formats File System Automount Point.
[[0;32m  OK  [0m] Set up automount Arbitrary Executab...ats File System Automount Point.
[   44.057605] systemd[1]: Starting Monitoring of LVM2 mirrors, snapshots etc. using dmeventd or progress polling...
         Starting Monitoring of LVM2 mirrors... dmeventd or progress polling...
[   44.390465] systemd[1]: Mounted POSIX Message Queue File System.
[[0;32m  OK  [0m] Mounted POSIX Message Queue File System.
[   44.709614]ssystemd[1]: Mounte  Debug File System.
[[0;32m  OK  [0m] Mounted Debug File System.
[   44.953511] systemd[1]: Mounted Huge Pages File System.
[[0;32m  OK  [0m] Mounted Huge Pages File System.
[   45.305978] systemd[1]: Started Journal Service.
[[0;32m  OK  [0m] Started Journal Service.
[[0;32m  OK  [0m] Started Remount Root and Kernel File Systems.
[[0;32m  OK  [0m] Started Uncomplicated firewall.
[[0;32m  OK  [0m] Started Set console keymap.
[[0;32m  OK  [0m] Started Load Kernel Modules.
[[0;32m  OK  [0m] Started Create list of required sta...ce nodes for the current kernel.
[[0;32m  OK  [0m] Started Nameserver information manager.
[[0;32m  OK  [0m] Started LVM2 metadata daemon.
         Starting Create Static Device Nodes in /dev...
         Starting Apply Kernel Variables...
         Mounting FUSE Control File System...
         Starting udev Coldplug all Devices...
         Starting Load/Save Random Seed...
         Starting Initial cloud-init job (pre-networking)...
         Starting Flush Journal to Persistent Storage...
[[0;32m  OK  [0m] Mounted FUSE Control File System.
[[0;32m  OK  [0m] Started Create Static Device Nodes in /dev.
[[0;32m  OK  [0m] Started Apply Kernel Variables.
[[0;32m  OK  [0m] Started Load/Save Random Seed.
[[0;32m  OK  [0m] Started udev Coldplug all Devices.
[[0;32m  OK  [0m] Started Flush Journal to Persistent Storage.
[[0;32m  OK  [0m] Started Monitoring of LVM2 mirrors,...ng dmeventd or progress polling.
         Starting udev Kernel Device Manager...
[[0;32m  OK  [0m] Started udev Kernel Device Manager.
[[0;32m  OK  [0m] Started Dispatch Password Requests to Console Directory Watch.
[[0;32m  OK  [0m] Reached target Local File Systems (Pre).
[[0;32m  OK  [0m] Reached target Local File Systems.
         Starting Commit a transient machine-id on disk...
         Starting Tell Plymouth To Write Out Runtime Data...
         Starting LSB: AppArmor initialization...
[   30.837143] cloud-init[481]: Cloud-init v. 0.7.8 running 'init-local' at Mon, 08 May 2017 17:57:17 +0000. Up 30.54 seconds.
         Starting Create Volatile Files and Directories...
         Starting Set console font and keymap...
[[0;32m  OK  [0m] Started Commit a transient machine-id on disk.
[[0;32m  OK  [0m] Started Tell Plymouth To Write Out Runtime Data.
[[0;32m  OK  [0m] Started Create Volatile Files and Directories.
[[0;32m  OK  [0m] Started Set console font and keymap.
[[0;32m  OK  [0m] Started Initial cloud-init job (pre-networking).
[[0;32m  OK  [0m] Found device /dev/ttyS0.
[[0;32m  OK  [0m] Listening on Load/Save RF Kill Switch Status /dev/rfkill Watch.
[[0;32m  OK  [0m] Reached target Network (Pre).
[[0;32m  OK  [0m] Created slice system-getty.slice.
[[0;32m  OK  [0m] Reached target System Time Synchronized.
         Starting Update UTMP about System Boot/Shutdown...
[[0;32m  OK  [0m] Started LSB: AppArmor initialization.
[[0;32m  OK  [0m] Started Update UTMP about System Boot/Shutdown.
         Starting Raise network interfaces...
[[0;32m  OK  [0m] Started Raise network interfaces.
[[0;32m  OK  [0m] Reached target Network.
         Starting Initial cloud-init job (metadata service crawler)...
[   34.367712] cloud-init[1052]: Cloud-init v. 0.7.8 running 'init' at Mon, 08 May 2017 17:57:20 +0000. Up 34.01 seconds.
[[0;32m  OK  [0m] Started Initial cloud-init job (metadata service crawler).
[[0;32m  OK  [0m] Reached target Network is Online.
[   34.462659] cloud-init[1052]: ci-info: ++++++++++++++++++++++++++++++++++++++Net device info++++++++++++++++++++++++++++++++++++++
[   34.656154] cloud-init[1052]: ci-info: +--------+-------+----------------------------+---------------+-------+-------------------+
[   34.656423] cloud-init[1052]: ci-info: | Device |   Up  |          Address           |      Mask     | Scope |     Hw-Address    |
[   34.656462] cloud-init[1052]: ci-info: +--------+-------+----------------------------+---------------+-------+-------------------+
[   34.656495] cloud-init[1052]: ci-info: | enp0s3 |  True |         10.0.2.15          | 255.255.255.0 |   .   | 02:51:40:82:8e:e9 |
[   34.656528] cloud-init[1052]: ci-info: | enp0s3 |  True | fe80::51:40ff:fe82:8ee9/64 |       .       |  link | 02:51:40:82:8e:e9 |
[   34.656560] cloud-init[1052]: ci-info: | enp0s8 | False |             .              |       .       |   .   | 08:00:27:ba:11:14 |
[   34.656593] cloud-init[1052]: ci-info: |   lo   |  True |         127.0.0.1          |   255.0.0.0   |   .   |         .         |
[   34.656634] cloud-init[1052]: ci-info: |   lo   |  True |          ::1/128           |       .       |  host |         .         |
[   34.656666] cloud-init[1052]: ci-info: +--------+-------+----------------------------+---------------+-------+-------------------+
[   34.656699] cloud-init[1052]: ci-info: +++++++++++++++++++++++++++Route IPv4 info++++++++++++++++++++++++++++
[   34.656731] cloud-init[1052]: ci-info: +-------+-------------+----------+---------------+-----------+-------+
[   34.656762] cloud-init[1052]: ci-info: | Route | Destination | Gateway  |    Genmask    | Interface | Flags |
[   34.656794] cloud-init[1052]: ci-info: +-------+-------------+----------+---------------+-----------+-------+
[   34.656825] cloud-init[1052]: ci-info: |   0   |   0.0.0.0   | 10.0.2.2 |    0.0.0.0    |   enp0s3  |   UG  |
[   34.656859] cloud-init[1052]: ci-info: |   1   |   10.0.2.0  | 0.0.0.0  | 255.255.255.0 |   enp0s3  |   U   |
[   34.656893] cloud-init[1052]: ci-info: +-------+-------------+----------+---------------+-----------+-------+
[   34.656926] cloud-init[1052]: Generating public/private rsa key pair.
[   34.656958] cloud-init[1052]: Your identification has been saved in /etc/ssh/ssh_host_rsa_key.
[   34.656990] cloud-init[1052]: Your public key has been saved in /etc/ssh/ssh_host_rsa_key.pub.
[   34.657022] cloud-init[1052]: The key fingerprint is:
[   34.657056] cloud-init[1052]: SHA256:jTOHSSrV0SAYiCKPMdqeNy0eNs6ExZD1m4+kVdAVf4Q root@ubuntu-xenial
[   34.657091] cloud-init[1052]: The key's randomart image is:
[   34.657122] cloud-init[1052]: +---[RSA 2048]----+
[   34.657155] cloud-init[1052]: | . +ooo.o+o. ..  |
[   34.657189] cloud-init[1052]: |* + .. +....E.   |
[   34.657222] cloud-init[1052]: |+* o  o +   . .  |
[   34.657540] cloud-init[1052]: |o o o. * =   .   |
[   34.657581] cloud-init[1052]: | . +..* S o      |
[   34.657616] cloud-init[1052]: |  + O=.o +       |
[   34.657648] cloud-init[1052]: |   B.=. .        |
[   34.657680] cloud-init[1052]: |    +            |
[   34.657711] cloud-init[1052]: |                 |
[   34.657743] cloud-init[1052]: +----[SHA256]-----+
[   34.657777] cloud-init[1052]: Generating public/private dsa key pair.
[   34.657808] cloud-init[1052]: Your identification has been saved in /etc/ssh/ssh_host_dsa_key.
[   34.657841] cloud-init[1052]: Your public key has been saved in /etc/ssh/ssh_host_dsa_key.pub.
[   34.657874] cloud-init[1052]: The key fingerprint is:
[   34.657907] cloud-init[1052]: SHA256:ft/8crxi9c9Zmy2totwQHnLJBpFdLGlxYCPv3yQ470Y root@ubuntu-xenial
[   34.657939] cloud-init[1052]: The key's randomart image is:
[   34.657973] cloud-init[1052]: +---[DSA 1024]----+
[   34.658005] cloud-init[1052]: |        oo=*o    |
[   34.658035] cloud-init[1052]: |        .==o.    |
[   34.658067] cloud-init[1052]: |        ....     |
[   34.658098] cloud-init[1052]: |         + o     |
[   34.658131] cloud-init[1052]: |        S @ . .  |
[   34.658163] cloud-init[1052]: |       . = *E+ . |
[   34.658195] cloud-init[1052]: |        . +.o ooo|
[   34.658228] cloud-init[1052]: |         o =o=o.@|
[   34.658260] cloud-init         Starting iSCSI initiator daemon (iscsid)...
[[0;32m  OK  [0m] Reached target System Initialization.
[1052]: |          oo=.=@B|
[[0;32m  OK  [0m] Started ACPI Events Check.
[[0;32m  OK  [0m] Listening on D-Bus System Message Bus Socket.
[   37.288564] cloud-init[1052]: +----[SHA256]-----+
[   37.408856] cloud-init[1052]: Generating public/private ecdsa key pair.
[   37.466049] cloud-init[1052]: Your identification has been saved in /etc/ssh/ssh_host_ecdsa_key.
[[0;32m  OK  [0m[   37.556280] cloud-init[1052]: Your public key has been saved in /etc/ssh/ssh_host_ecdsa_key.pub.
[   37.556335] cloud-init[1052]: The key fingerprint is:
[   37.556375] cloud-init[1052]: SHA256:LuasC4wiHV3NLQV7DIb3gCv2xOzfLQNxEtIRsv2iZL0 root@ubuntu-xenial
[   37.556413] cloud-init[1052]: The key's randomart image is:
[   37.556451] cloud-init[1052]: +---[ECDSA 256]---+
[   37.556487] cloud-init[1052]: |      .+*+.      |
[   37.556524] cloud-init[1052]: |      +B=*       |
[   37.556562] cloud-init[1052]: |     oo+*++      |
[   37.556599] cloud-init[1052]: |   .o.=.o+o      |
[   37.556636] cloud-init[1052]: |  ...=o S+.      |
[   37.556673] cloud-init[1052]: | + . ooo.o       |
[   37.556719] cloud-init[1052]: |+ +   +.Eo .     |
[   37.556757] cloud-init[1052]: |o  . + .. + .    |
[   37.556794] cloud-init[1052]: |    ooo    o     |
[   37.556831] cloud-init[1052]: +----[SHA256]-----+
[   37.556867] cloud-init[1052]: Generating public/private ed25519 key pair.
[   37.556906] cloud-init[1052]: Your identification has been saved in /etc/ssh/ssh_host_ed25519_key.
[   37.556944] cloud-init[1052]: Your public key has been saved in /etc/ssh/ssh_host_ed25519_key.pub.
[   37.556981] cloud-init[1052]: The key fingerprint is:
[   37.557018] cloud-init[1052]: SHA256:D6JWW2lmVr3aiLTve0DPeiuXWHPrFjCNwZTLpxCPKaw root@ubuntu-xenial
[   37.557055] cloud-init[1052]: The key's randomart image is:
[   37.557093] cloud-init[1052]: +--[ED25519 256]--+
[   37.557130] cloud-init[1052]: |           o..   |
[   37.557170] cloud-init[1052]: |          ..+    |
[   37.557207] cloud-init[1052]: |       .  .*.=   |
[   37.557244] cloud-init[1052]: |        oo= B.o  |
[   37.557281] cloud-init[1052]: |      o.So +.=   |
[   37.557318] cloud-init[1052]: |     oEX =.+* o  |
[   37.557355] cloud-init[1052]: |    o . o +=.+ o |
[   37.557392] cloud-init[1052]: |   .     .+ = o  |
[   37.557427] cloud-init[1052]: |         .+*.+.  |
[   37.557464] cloud-init[1052]: +----[SHA256]-----+
] Listening on UUID daemon activation socket.
         Starting LXD - unix socket.
[[0;32m  OK  [0m] Started Trigger resolvconf update for networkd DNS.
[[0;32m  OK  [0m] Reached target Paths.
[[0;32m  OK  [0m] Started Timer to automatically refresh installed snaps.
[[0;32m  OK  [0m] Listening on ACPID Listen Socket.
[[0;32m  OK  [0m] Started Daily apt activities.
[[0;32m  OK  [0m] Started Daily Cleanup of Temporary Directories.
[[0;32m  OK  [0m] Reached target Timers.
         Starting Socket activation for snappy daemon.
[[0;32m  OK  [0m] Reached target Cloud-config availability.
[[0;32m  OK  [0m] Listening on LXD - unix socket.
[[0;32m  OK  [0m] Listening on Socket activation for snappy daemon.
[[0;32m  OK  [0m] Started iSCSI initiator daemon (iscsid).
         Starting Login to default iSCSI targets...
[[0;32m  OK  [0m] Reached target Sockets.
[[0;32m  OK  [0m] Reached target Basic System.
         Starting Pollinate to seed the pseudo random number generator...
[[0;32m  OK  [0m] Started Regular background program processing daemon.
[[0;32m  OK  [0m] Started D-Bus System Message Bus.
[[0;32m  OK  [0m] Started Snappy daemon.
[[0;32m  OK  [0m] Started ACPI event daemon.
         Starting System Logging Service...
         Starting Auto import assertions from block devices...
         Starting LSB: Record successful boot for GRUB...
         Starting Accounts Service...
[[0;32m  OK  [0m] Started FUSE filesystem for LXC.
[[0;32m  OK  [0m] Started Deferred execution scheduler.
         Starting LXD - container startup/shutdown...
         Starting LSB: MD monitoring daemon...
         Starting /etc/rc.local Compatibility...
         Starting Login Service...
         Starting Apply the settings specified in cloud-config...
[[0;32m  OK  [0m] Started System Logging Service.
[[0;32m  OK  [0m] Started Auto import assertions from block devices.
[[0;32m  OK  [0m] Started LXD - container startup/shutdown.
[[0;32m  OK  [0m] Started /etc/rc.local Compatibility.
[[0;32m  OK  [0m] Started Login to default iSCSI targets.
[   40.475300] cloud-init[1243]: Generating locales (this might take a while)...
[[0;32m  OK  [0m] Started LSB: Record successful boot for GRUB.
[[0;32m  OK  [0m] Started LSB: MD monitoring daemon.
[[0;32m  OK  [0m] Started Pollinate to seed the pseudo random number generator.
         Starting Authenticate and Authorize Users to Run Privileged Tasks...
         Starting OpenBSD Secure Shell server...
[[0;32m  OK  [0m] Reached target Remote File Systems (Pre).
[[0;32m  OK  [0m] Reached target Remote File Systems.
         Starting LSB: automatic crash report generation...
         Starting Permit User Sessions...
         Starting LSB: Set the CPU Frequency Scaling governor to "ondemand"...
[   41.204402] cloud-init[1243]:   en_US.UTF-8... done
[   41.244876] cloud-init[1243]: Generation complete.
         Starting LSB: VirtualBox Linux Additions...
         Starting LSB: daemon to balance interrupts for SMP systems...
[[0;32m  OK  [0m] Started OpenBSD Secure Shell server.
[[0;32m  OK  [0m] Started Permit User Sessions.
[[0;32m  OK  [0m] Started Login Service.
[[0;32m  OK  [0m] Started Authenticate and Authorize Users to Run Privileged Tasks.
[[0;32m  OK  [0m] Started Accounts Service.
[[0;32m  OK  [0m] Started LSB: automatic crash report generation.
[[0;32m  OK  [0m] Started LSB: Set the CPU Frequency Scaling governor to "ondemand".
         Starting Hold until boot process finishes up...
         Starting Terminate Plymouth Boot Screen...
[[0;32m  OK  [0m] Started LSB: VirtualBox Linux Additions.
[[0;32m  OK  [0m] Started LSB: daemon to balance interrupts for SMP systems.
[[0;32m  OK  [0m] Started Hold until boot process finishes up.
[[0;32m  OK  [0m] Started Terminate Plymouth Boot Screen.
         Stopping OpenBSD Secure Shell server...
[[0;32m  OK  [0m] Started Getty on tty1.
         Starting Set console scheme...
[[0;32m  OK  [0m] Started Serial Getty on ttyS0.
[[0;32m  OK  [0m] Reached target Login Prompts.
[[0;32m  OK  [0m] Stopped OpenBSD Secure Shell server.
[[0;32m  OK  [0m] Started Set console scheme.
         Starting OpenBSD Secure Shell server...
[[0;32m  OK  [0m] Started OpenBSD Secure Shell server.
[[0;32m  OK  [0m] Reached target Multi-User System.
[[0;32m  OK  [0m] Reached target Graphical Interface.
         Starting Update UTMP about System Runlevel Changes...
[[0;32m  OK  [0m] Started Update UTMP about System Runlevel Changes.
[[0;32m  OK  [0m] Created slice User Slice of ubuntu.
[   42.632839] [cloud-init[0;32m  OK  [0m[1243]: ] Cloud-init v. 0.7.8 running 'modules:config' at Mon, 08 May 2017 17:57:27 +0000. Up 40.38 seconds.Started Session 1 of user ubuntu.

         Starting User Manager for UID 1000...
[[0;32m  OK  [0m] Started User Manager for UID 1000.
[[0;32m  OK  [0m] Started Apply the settings specified in cloud-config.
         Starting Execute cloud user/final scripts...
ci-info: no authorized ssh keys fingerprints found for user ubuntu.
<14>May  8 17:57:29 ec2: 
<14>May  8 17:57:29 ec2: #############################################################
<14>May  8 17:57:29 ec2: -----BEGIN SSH HOST KEY FINGERPRINTS-----
<14>May  8 17:57:29 ec2: 1024 SHA256:ft/8crxi9c9Zmy2totwQHnLJBpFdLGlxYCPv3yQ470Y root@ubuntu-xenial (DSA)
<14>May  8 17:57:29 ec2: 256 SHA256:LuasC4wiHV3NLQV7DIb3gCv2xOzfLQNxEtIRsv2iZL0 root@ubuntu-xenial (ECDSA)
<14>May  8 17:57:29 ec2: 256 SHA256:D6JWW2lmVr3aiLTve0DPeiuXWHPrFjCNwZTLpxCPKaw root@ubuntu-xenial (ED25519)
<14>May  8 17:57:29 ec2: 2048 SHA256:jTOHSSrV0SAYiCKPMdqeNy0eNs6ExZD1m4+kVdAVf4Q root@ubuntu-xenial (RSA)
<14>May  8 17:57:29 ec2: -----END SSH HOST KEY FINGERPRINTS-----
<14>May  8 17:57:29 ec2: #############################################################
-----BEGIN SSH HOST KEY KEYS-----
ecdsa-sha2-nistp256 AAAAE2VjZHNhLXNoYTItbmlzdHAyNTYAAAAIbmlzdHAyNTYAAABBBIAFZux+PTcc3UuGahbCMOLsUn4A+kXT7PqGuAs7KMmkNpq/0IwfaNsPl9JWWoqIrzvI0+8hoTzewDV5UAoFGqw= root@ubuntu-xenial
ssh-ed25519 AAAAC3NzaC1lZDI1NTE5AAAAIAIuWdfVlR+RKf8SoP5XagvQrutfIzPOsEN/lLh2KNNy root@ubuntu-xenial
ssh-rsa AAAAB3NzaC1yc2EAAAADAQABAAABAQCrii4zH8+YxzveFVbmnzwPbgKYvgv9YBjVVJWbQAXHUFgv3BSHOPl7sQags/f0o5K8h1qV3NMEpR/neV4uM9x7A0MpvO4MiRG9ljCVJllRpgLlpg6zZFSH7Ake01jN/BRUEjXhgPJceN1wVcuRxG+SVpiPij54abkReOUB4imMx6DKdwOSJIhzljwsv8gTZCndO43EQTyR8xS90uhXzYlRV9zTxWrapz8Lt0XRnAJ4ANrh7f4asjLYQSaUU+4laCCch4p7b2Xt1E2BGcqJZcH56w05EWfIBcnVGL+6vJ6EjtJT+X5O6aKIVL0EpZyCq2Ukxgw7A3I3YP4ZTx6Hx3Ax root@ubuntu-xenial
-----END SSH HOST KEY KEYS-----
[   43.818140] cloud-init[1419]: Cloud-init v. 0.7.8 running 'modules:final' at Mon, 08 May 2017 17:57:29 +0000. Up 43.06 seconds.
[   43.916428] [cloud-init[0;32m  OK  [0m[1419]: ] ci-info: no authorized ssh keys fingerprints found for user ubuntu.Started Execute cloud user/final scripts.

[   43.917486] cloud-init[1419]: Cloud-init v. 0.7.8 finished at Mon, 08 May 2017 17:57:30 +0000. Datasource DataSourceNoCloud [seed=/dev/sdb][dsmode=net].  Up 43.81 seconds
[[0;32m  OK  [0m] Reached target Cloud-init target.

Ubuntu 16.04.1 LTS ubuntu-xenial ttyS0

ubuntu-xenial login: 